DEPRECATION WARNING: config.action_view.debug_rjs will be removed in 3.1, from 3.1 onwards you will need to install prototype-rails to continue to use RJS templates . (called from synchronize at <internal:prelude>:10)


Started GET "/rails/info/properties" for 60.36.187.230 at 2012-02-14 20:26:36 +0900
  Processing by Rails::InfoController#properties as 
  [1m[36mSQL (0.5ms)[0m  [1m SELECT name
 FROM sqlite_master
 WHERE type = 'table' AND NOT name = 'sqlite_sequence'
[0m
Rendered inline template (0.4ms)
Completed 200 OK in 52ms (Views: 1.2ms | ActiveRecord: 0.5ms)


Started GET "/rails/info/properties" for 60.36.187.230 at 2012-02-14 20:30:42 +0900
  Processing by Rails::InfoController#properties as 
Rendered inline template (0.3ms)
Completed 200 OK in 1ms (Views: 0.6ms | ActiveRecord: 0.0ms)


Started GET "/rails/info/properties" for 60.36.187.230 at 2012-02-14 20:34:09 +0900
  Processing by Rails::InfoController#properties as 
Rendered inline template (0.3ms)
Completed 200 OK in 1ms (Views: 0.7ms | ActiveRecord: 0.0ms)


Started GET "/rails/info/properties" for 60.36.187.230 at 2012-02-14 20:34:14 +0900
  Processing by Rails::InfoController#properties as 
Rendered inline template (0.3ms)
Completed 200 OK in 1ms (Views: 0.7ms | ActiveRecord: 0.0ms)
